<?xml version="1.0" encoding="UTF-8"?>
<!-- Generated by org.testng.reporters.JUnitReportReporter -->
<testsuite hostname="DESKTOP-5IOQODS" failures="0" tests="1" name="TestNG.phpTest" time="6.502" errors="0" timestamp="2020-01-08T19:44:11 IST" skipped="0">
  <testcase classname="TestNG.phpTest" name="verifytabs" time="6.502"/>
</testsuite> <!-- TestNG.phpTest -->
